<?xml version="1.0" encoding="UTF-8"?>
<!-- Generated by org.testng.reporters.JUnitReportReporter -->
<testsuite hostname="LAPTOP-IP1C4S1G" failures="0" tests="2" name="TestNG.TestNG_Group" time="0.015" errors="0" timestamp="2023-04-04T17:11:41 IST" skipped="0">
  <testcase classname="TestNG.TestNG_Group" name="TC5" time="0.003"/>
  <system-out>
    <![CDATA[runnimng tC5]]>
  </system-out>
  <testcase classname="TestNG.TestNG_Group" name="TC2" time="0.012"/>
  <system-out>
    <![CDATA[runnimng tC2]]>
  </system-out>
</testsuite> <!-- TestNG.TestNG_Group -->
