<?xml version="1.0" encoding="UTF-8"?>
<!-- Generated by org.testng.reporters.JUnitReportReporter -->
<testsuite hostname="LAPTOP-IP1C4S1G" failures="0" tests="1" name="TestNG.parallel" time="68.456" errors="0" timestamp="2023-04-04T16:55:20 IST" skipped="0">
  <testcase classname="TestNG.parallel" name="TC1" time="68.456"/>
  <system-out/>
</testsuite> <!-- TestNG.parallel -->
