<?xml version="1.0" encoding="UTF-8"?>
<!-- Generated by org.testng.reporters.JUnitReportReporter -->
<testsuite hostname="LAPTOP-IP1C4S1G" failures="0" tests="3" name="TestNG.sample1" time="0.032" errors="0" timestamp="2023-04-05T18:22:11 IST" skipped="0">
  <testcase classname="TestNG.sample1" name="TC2" time="0.002"/>
  <system-out>
    <![CDATA[running TC2]]>
  </system-out>
  <testcase classname="TestNG.sample1" name="TC1" time="0.026"/>
  <system-out>
    <![CDATA[running TC1]]>
  </system-out>
  <testcase classname="TestNG.sample1" name="TC3" time="0.004"/>
  <system-out>
    <![CDATA[running TC3]]>
  </system-out>
</testsuite> <!-- TestNG.sample1 -->
