<?xml version="1.0" encoding="UTF-8"?>
<!-- Generated by org.testng.reporters.JUnitReportReporter -->
<testsuite hostname="LAPTOP-IP1C4S1G" failures="0" tests="4" name="TestNG.dataproviderAnnotations" time="0.030" errors="0" timestamp="2023-04-11T17:52:04 IST" skipped="0">
  <testcase classname="TestNG.dataproviderAnnotations" name="TC1" time="0.009"/>
  <system-out/>
  <testcase classname="TestNG.dataproviderAnnotations" name="TC1" time="0.002"/>
  <system-out/>
  <testcase classname="TestNG.dataproviderAnnotations" name="TC1" time="0.013"/>
  <system-out/>
  <testcase classname="TestNG.dataproviderAnnotations" name="TC1" time="0.006"/>
  <system-out/>
</testsuite> <!-- TestNG.dataproviderAnnotations -->
