<?xml version="1.0" encoding="UTF-8"?>
<!-- Generated by org.testng.reporters.JUnitReportReporter -->
<testsuite hostname="LAPTOP-IP1C4S1G" failures="0" tests="1" name="TestNG.testNG" time="0.031" errors="0" timestamp="2023-03-31T19:38:27 IST" skipped="0">
  <testcase classname="TestNG.testNG" name="test" time="0.031"/>
  <system-out>
    <![CDATA[running test method
running test method]]>
  </system-out>
</testsuite> <!-- TestNG.testNG -->
