<?xml version="1.0" encoding="UTF-8"?>
<!-- Generated by org.testng.reporters.JUnitReportReporter -->
<testsuite hostname="LAPTOP-IP1C4S1G" failures="0" tests="2" name="TestNG.sample3$sample1" time="0.011" errors="0" timestamp="2023-04-05T18:29:42 IST" skipped="0">
  <testcase classname="TestNG.sample3$sample1" name="TC9" time="0.008"/>
  <system-out>
    <![CDATA[running TC9]]>
  </system-out>
  <testcase classname="TestNG.sample3$sample1" name="TC10" time="0.003"/>
  <system-out>
    <![CDATA[running TC10]]>
  </system-out>
</testsuite> <!-- TestNG.sample3$sample1 -->
