<?xml version="1.0" encoding="UTF-8"?>
<!-- Generated by org.testng.reporters.JUnitReportReporter -->
<testsuite hostname="LAPTOP-IP1C4S1G" failures="0" tests="4" name="TestNG.TestNG_keywords" time="0.035" errors="0" timestamp="2023-04-01T16:24:07 IST" skipped="1">
  <testcase classname="TestNG.TestNG_keywords" name="TC3" time="0.002"/>
  <system-out>
    <![CDATA[running TC3]]>
  </system-out>
  <testcase classname="TestNG.TestNG_keywords" name="TC5" time="0.013"/>
  <system-out>
    <![CDATA[running TC5]]>
  </system-out>
  <testcase classname="TestNG.TestNG_keywords" name="TC2" time="0.020"/>
  <system-out>
    <![CDATA[running TC2]]>
  </system-out>
  <testcase classname="TestNG.TestNG_keywords" name="TC4">
    <skipped/>
  </testcase> <!-- TC4 -->
  <system-out/>
</testsuite> <!-- TestNG.TestNG_keywords -->
